
> starter@1.0.0 test /Users/jinhping/Desktop/Rice/Rice Courses/Comp-531/hw6/frontend
> mocha --opts mocha.opts src/**/*.spec.js "-R" "xunit"

<testsuite name="Mocha Tests" tests="22" failures="0" errors="0" skipped="0" timestamp="Wed, 09 Nov 2016 03:40:16 GMT" time="1.937">
<testcase classname="Validate actions (these are functions that dispatch actions)" name="resource should be a resource (i.e., mock a request)" time="0.002"/>
<testcase classname="Validate actions (these are functions that dispatch actions)" name="resource should give me the http error" time="0.001"/>
<testcase classname="Validate actions (these are functions that dispatch actions)" name="resource should be POSTable" time="0"/>
<testcase classname="Validate actions (these are functions that dispatch actions)" name="should update error message (for displaying error mesage to user)" time="0.001"/>
<testcase classname="Validate actions (these are functions that dispatch actions)" name="should update success message (for displaying success message to user)" time="0"/>
<testcase classname="Validate actions (these are functions that dispatch actions)" name="should navigate (to profile, main, or landing)" time="0"/>
<testcase classname="articleActions Test " name="should fetch articles (mocked request)" time="0.001"/>
<testcase classname="articleActions Test " name="should update the search keyword" time="0"/>
<testcase classname="ArticlesView Test " name="should render articles" time="0.005"/>
<testcase classname="ArticlesView Test " name="should dispatch actions to create a new article" time="0"/>
<testcase classname="Validate authenticate actions" name="should log in the user" time="0.001"/>
<testcase classname="Validate authenticate actions" name="should not log in an invalid user" time="0.001"/>
<testcase classname="Validate authenticate actions" name="should log out a user (state should be cleared, this is tested in another test case)" time="0"/>
<testcase classname="ProfileActions Test: " name="should update the status message" time="0.001"/>
<testcase classname="ProfileActions Test: " name="should fetch the user profile information" time="0.002"/>
<testcase classname="Validate reducer (no fetch requests here)" name="should clear state when logout" time="0"/>
<testcase classname="Validate reducer (no fetch requests here)" name="should return the initial state" time="0"/>
<testcase classname="Validate reducer (no fetch requests here)" name="should state success (for displaying success message to user)" time="0"/>
<testcase classname="Validate reducer (no fetch requests here)" name="should state error (for displaying error message to user)" time="0"/>
<testcase classname="Validate reducer (no fetch requests here)" name="should set the articles" time="0"/>
<testcase classname="Validate reducer (no fetch requests here)" name="should set the search keyword" time="0.001"/>
<testcase classname="Validate reducer (no fetch requests here)" name="should filter displayed articles by the search keyword" time="0"/>
</testsuite>
