
> starter@1.0.0 e2e:base /Users/jinhping/Desktop/Rice/Rice Courses/Comp-531/hw6/frontend
> mocha --opts e2e/mocha.opts e2e/*.spec.js "--reporter" "xunit"

<testsuite name="Mocha Tests" tests="13" failures="0" errors="0" skipped="0" timestamp="Tue, 08 Nov 2016 07:27:04 GMT" time="32.162">
<testcase classname="Test HW5 Frontend" name="should tell me that I register successfully" time="1.951"/>
<testcase classname="Test HW5 Frontend" name="should log in as the test user" time="3.728"/>
<testcase classname="Test HW5 Frontend" name="Create new article and validate article appears in feed" time="1.672"/>
<testcase classname="Test HW5 Frontend" name="Edit an article and validate the article text has updated" time="2.17"/>
<testcase classname="Test HW5 Frontend" name="Update the headline and verify the change" time="2.214"/>
<testcase classname="Test HW5 Frontend" name="Count the number of followed users" time="0.52"/>
<testcase classname="Test HW5 Frontend" name="Add the 'Follower' user and verify following count increases by one" time="1.136"/>
<testcase classname="Test HW5 Frontend" name="Remove the Follower user and verify following count decreases by one, test should be safe" time="1.063"/>
<testcase classname="Test HW5 Frontend" name="Search for special &amp;quot;Only One Article Like This&amp;quot; article and verify author" time="1.141"/>
<testcase classname="Test HW5 Frontend" name="Update user email and verify" time="4.287"/>
<testcase classname="Test HW5 Frontend" name="Update user zipcode and verify" time="5.703"/>
<testcase classname="Test HW5 Frontend" name="Update user password and verify" time="2.678"/>
<testcase classname="shutdown" name="now" time="0.114"/>
</testsuite>
